
          -------------------------------------------------------
          Amber 20 SANDER                              2020
          -------------------------------------------------------

| Run on 09/05/2020 at 16:22:41

|   Executable path: sander
| Working directory: /home/pi/Modèles/nbk/dat
|          Hostname: Unknown
  [-O]verwriting output

File Assignments:
|  MDIN: 02_Heat.in                                                            
| MDOUT: 02_Heat.out                                                           
|INPCRD: 01_Min.ncrst                                                          
|  PARM: parm7                                                                 
|RESTRT: 02_Heat.ncrst                                                         
|  REFC: refc                                                                  
| MDVEL: mdvel                                                                 
| MDFRC: mdfrc                                                                 
|  MDEN: mden                                                                  
| MDCRD: 02_Heat.nc                                                            
|MDINFO: 02_Heat.mdinfo                                                        
|  MTMD: mtmd                                                                  
|INPDIP: inpdip                                                                
|RSTDIP: rstdip                                                                
|INPTRA: inptraj                                                               


 Here is the input file:

Heat                                                                           
 &cntrl                                                                        
  imin=0,                                                                      
  ntx=1,                                                                       
  irest=0,                                                                     
  nstlim=10000,                                                                
  dt=0.002,                                                                    
  ntf=2,                                                                       
  ntc=2,                                                                       
  tempi=0.0,                                                                   
  temp0=300.0,                                                                 
  ntpr=100,                                                                    
  ntwx=100,                                                                    
  cut=8.0,                                                                     
  ntb=1,                                                                       
  ntp=0,                                                                       
  ntt=3,                                                                       
  gamma_ln=2.0,                                                                
  nmropt=1,                                                                    
  ig=-1,                                                                       
 /                                                                             
&wt type='TEMP0', istep1=0, istep2=9000, value1=0.0, value2=300.0 /            
&wt type='TEMP0', istep1=9001, istep2=10000, value1=300.0, value2=300.0 /      
&wt type='END' /                                                               

--------------------------------------------------------------------------------
   1.  RESOURCE   USE: 
--------------------------------------------------------------------------------

| Flags:                                                                        
 getting box info from netcdf restart file
| NetCDF restart box info found
|Largest sphere to fit in unit cell has radius =    14.636
| New format PARM file being parsed.
| Version =    1.000 Date = 09/05/20 Time = 16:06:29
 NATOM  =    1912 NTYPES =       9 NBONH =    1902 MBONA  =       9
 NTHETH =      25 MTHETA =      11 NPHIH =      43 MPHIA  =      24
 NHPARM =       0 NPARM  =       0 NNB   =    2619 NRES   =     633
 NBONA  =       9 NTHETA =      11 NPHIA =      24 NUMBND =      13
 NUMANG =      21 NPTRA  =      20 NATYP =      10 NPHB   =       1
 IFBOX  =       1 NMXRS  =      10 IFCAP =       0 NEXTRA =       0
 NCOPY  =       0


|     Memory Use     Allocated
|     Real              713007
|     Hollerith           6371
|     Integer            66770
|     Max Pairs         637333
|     nblistReal         22944
|     nblist Int        110000
|       Total             8954 kbytes

| Note: 1-4 EEL scale factors are being read from the topology file.

| Note: 1-4 VDW scale factors are being read from the topology file.
| Duplicated    0 dihedrals
| Duplicated    0 dihedrals

     BOX TYPE: RECTILINEAR
Note: ig = -1. Setting random seed to    61390 based on wallclock time in microseconds.

--------------------------------------------------------------------------------
   2.  CONTROL  DATA  FOR  THE  RUN
--------------------------------------------------------------------------------

ACE                                                                             

General flags:
     imin    =       0, nmropt  =       1

Nature and format of input:
     ntx     =       1, irest   =       0, ntrx    =       1

Nature and format of output:
     ntxo    =       2, ntpr    =     100, ntrx    =       1, ntwr    =   10000
     iwrap   =       0, ntwx    =     100, ntwv    =       0, ntwe    =       0
     ioutfm  =       1, ntwprt  =       0, idecomp =       0, rbornstat=      0

Potential function:
     ntf     =       2, ntb     =       1, igb     =       0, nsnb    =      25
     ipol    =       0, gbsa    =       0, iesp    =       0
     dielc   =   1.00000, cut     =   8.00000, intdiel =   1.00000

Frozen or restrained atoms:
     ibelly  =       0, ntr     =       0

Molecular dynamics:
     nstlim  =     10000, nscm    =      1000, nrespa  =         1
     t       =   0.00000, dt      =   0.00200, vlimit  =  20.00000

Langevin dynamics temperature regulation:
     ig      =   61390
     temp0   = 300.00000, tempi   =   0.00000, gamma_ln=   2.00000

SHAKE:
     ntc     =       2, jfastw  =       0
     tol     =   0.00001

NMR refinement options:
     iscale  =       0, noeskp  =       1, ipnlty  =       1, mxsub   =       1
     scalm   = 100.00000, pencut  =   0.10000, tausw   =   0.10000

Ewald parameters:
     verbose =       0, ew_type =       0, nbflag  =       1, use_pme =       1
     vdwmeth =       1, eedmeth =       1, netfrc  =       1
     Box X =   31.398   Box Y =   34.100   Box Z =   29.273
     Alpha =   90.000   Beta  =   90.000   Gamma =   90.000
     NFFT1 =   32       NFFT2 =   36       NFFT3 =   30
     Cutoff=    8.000   Tol   =0.100E-04
     Ewald Coefficient =  0.34864
     Interpolation order =    4
|  INFO: Old style inpcrd file read


--------------------------------------------------------------------------------
   3.  ATOMIC COORDINATES AND VELOCITIES
--------------------------------------------------------------------------------

ACE                                                                             
 begin time read from input coords =     0.000 ps



           Begin reading energy term weight changes/NMR restraints
 WEIGHT CHANGES:
 TEMP0         0   9000    0.000000  300.000000      0      0
 TEMP0      9001  10000  300.000000  300.000000      0      0

 RESTRAINTS:
                          ** No restraint defined **

                  Done reading weight changes/NMR restraints


 Number of triangulated 3-point waters found:      630

     Sum of charges from parm topology file =  -0.00000000
     Forcing neutrality...

--------------------------------------------------------------------------------
   4.  RESULTS
--------------------------------------------------------------------------------

|  # of SOLUTE  degrees of freedom (RNDFP):    3834.
|  # of SOLVENT degrees of freedom (RNDFS):       0.
|  NDFMIN =    3834.     NUM_NOSHAKE =      0     CORRECTED RNDFP =    3834.
|  TOTAL # of degrees of freedom (RNDF) =    3834.
 ---------------------------------------------------
 APPROXIMATING switch and d/dx switch using CUBIC SPLINE INTERPOLATION
 using   5000.0 points per unit in tabled values
 TESTING RELATIVE ERROR over r ranging from 0.0 to cutoff
| CHECK switch(x): max rel err =   0.2738E-14   at   2.422500
| CHECK d/dx switch(x): max rel err =   0.8332E-11   at   2.782960
 ---------------------------------------------------
| Local SIZE OF NONBOND LIST =     279596
| TOTAL SIZE OF NONBOND LIST =     279596

 NSTEP =        0   TIME(PS) =       0.000  TEMP(K) =     0.00  PRESS =     0.0
 Etot   =     -8116.5198  EKtot   =         0.0000  EPtot      =     -8116.5198
 BOND   =         0.6324  ANGLE   =         0.7998  DIHED      =         8.7493
 1-4 NB =         2.7430  1-4 EEL =        46.1473  VDWAALS    =      1759.6877
 EELEC  =     -9935.2794  EHBOND  =         0.0000  RESTRAINT  =         0.0000
 Ewald error estimate:   0.1616E-03
 ------------------------------------------------------------------------------

 NMR restraints: Bond =    0.000   Angle =     0.000   Torsion =     0.000
===============================================================================

 NSTEP =      100   TIME(PS) =       0.200  TEMP(K) =     9.67  PRESS =     0.0
 Etot   =     -6928.3556  EKtot   =        36.8216  EPtot      =     -6965.1772
 BOND   =         0.5762  ANGLE   =         0.7519  DIHED      =         8.8452
 1-4 NB =         2.8478  1-4 EEL =        45.8620  VDWAALS    =      1331.5210
 EELEC  =     -8355.5813  EHBOND  =         0.0000  RESTRAINT  =         0.0000
 Ewald error estimate:   0.1265E-03
 ------------------------------------------------------------------------------

 NMR restraints: Bond =    0.000   Angle =     0.000   Torsion =     0.000
===============================================================================

 NSTEP =      200   TIME(PS) =       0.400  TEMP(K) =    12.32  PRESS =     0.0
 Etot   =     -6946.0120  EKtot   =        46.9242  EPtot      =     -6992.9363
 BOND   =         0.5223  ANGLE   =         0.7637  DIHED      =         8.8031
 1-4 NB =         2.8668  1-4 EEL =        46.0695  VDWAALS    =      1461.7285
 EELEC  =     -8513.6901  EHBOND  =         0.0000  RESTRAINT  =         0.0000
 Ewald error estimate:   0.4953E-03
 ------------------------------------------------------------------------------

 NMR restraints: Bond =    0.000   Angle =     0.000   Torsion =     0.000
===============================================================================

 NSTEP =      300   TIME(PS) =       0.600  TEMP(K) =    12.51  PRESS =     0.0
 Etot   =     -6960.2711  EKtot   =        47.6388  EPtot      =     -7007.9099
 BOND   =         0.5510  ANGLE   =         0.7972  DIHED      =         8.8800
 1-4 NB =         2.8904  1-4 EEL =        46.1221  VDWAALS    =      1448.8786
 EELEC  =     -8516.0292  EHBOND  =         0.0000  RESTRAINT  =         0.0000
 Ewald error estimate:   0.4768E-03
 ------------------------------------------------------------------------------

 NMR restraints: Bond =    0.000   Angle =     0.000   Torsion =     0.000
===============================================================================

 NSTEP =      400   TIME(PS) =       0.800  TEMP(K) =    14.46  PRESS =     0.0
 Etot   =     -6965.4809  EKtot   =        55.0664  EPtot      =     -7020.5474
 BOND   =         0.6275  ANGLE   =         0.8872  DIHED      =         8.8642
 1-4 NB =         2.8272  1-4 EEL =        46.2352  VDWAALS    =      1483.0062
 EELEC  =     -8562.9948  EHBOND  =         0.0000  RESTRAINT  =         0.0000
 Ewald error estimate:   0.3008E-03
 ------------------------------------------------------------------------------

 NMR restraints: Bond =    0.000   Angle =     0.000   Torsion =     0.000
===============================================================================

 NSTEP =      500   TIME(PS) =       1.000  TEMP(K) =    16.33  PRESS =     0.0
 Etot   =     -6970.0814  EKtot   =        62.2079  EPtot      =     -7032.2894
 BOND   =         0.7267  ANGLE   =         0.9412  DIHED      =         9.0211
 1-4 NB =         2.7027  1-4 EEL =        45.8990  VDWAALS    =      1460.2065
 EELEC  =     -8551.7866  EHBOND  =         0.0000  RESTRAINT  =         0.0000
 Ewald error estimate:   0.3760E-03
 ------------------------------------------------------------------------------

 NMR restraints: Bond =    0.000   Angle =     0.000   Torsion =     0.000
===============================================================================

 NSTEP =      600   TIME(PS) =       1.200  TEMP(K) =    19.25  PRESS =     0.0
 Etot   =     -6966.4496  EKtot   =        73.3464  EPtot      =     -7039.7960
 BOND   =         0.6517  ANGLE   =         0.7085  DIHED      =         9.1656
 1-4 NB =         2.5275  1-4 EEL =        46.0263  VDWAALS    =      1451.5552
 EELEC  =     -8550.4308  EHBOND  =         0.0000  RESTRAINT  =         0.0000
 Ewald error estimate:   0.6024E-03
 ------------------------------------------------------------------------------

 NMR restraints: Bond =    0.000   Angle =     0.000   Torsion =     0.000
===============================================================================

 NSTEP =      700   TIME(PS) =       1.400  TEMP(K) =    20.62  PRESS =     0.0
 Etot   =     -6965.5729  EKtot   =        78.5380  EPtot      =     -7044.1109
 BOND   =         0.3446  ANGLE   =         1.5638  DIHED      =         9.1606
 1-4 NB =         2.6050  1-4 EEL =        46.3386  VDWAALS    =      1420.9094
 EELEC  =     -8525.0330  EHBOND  =         0.0000  RESTRAINT  =         0.0000
 Ewald error estimate:   0.3766E-03
 ------------------------------------------------------------------------------

 NMR restraints: Bond =    0.000   Angle =     0.000   Torsion =     0.000
===============================================================================

 NSTEP =      800   TIME(PS) =       1.600  TEMP(K) =    23.47  PRESS =     0.0
 Etot   =     -6957.5320  EKtot   =        89.4204  EPtot      =     -7046.9524
 BOND   =         0.7744  ANGLE   =         1.4345  DIHED      =         9.3661
 1-4 NB =         2.6939  1-4 EEL =        46.3078  VDWAALS    =      1422.2517
 EELEC  =     -8529.7807  EHBOND  =         0.0000  RESTRAINT  =         0.0000
 Ewald error estimate:   0.2735E-03
 ------------------------------------------------------------------------------

 NMR restraints: Bond =    0.000   Angle =     0.000   Torsion =     0.000
===============================================================================

 NSTEP =      900   TIME(PS) =       1.800  TEMP(K) =    26.15  PRESS =     0.0
 Etot   =     -6948.2412  EKtot   =        99.6105  EPtot      =     -7047.8517
 BOND   =         0.4969  ANGLE   =         1.4859  DIHED      =         9.7057
 1-4 NB =         2.7357  1-4 EEL =        46.7076  VDWAALS    =      1431.8759
 EELEC  =     -8540.8595  EHBOND  =         0.0000  RESTRAINT  =         0.0000
 Ewald error estimate:   0.2313E-04
 ------------------------------------------------------------------------------

 NMR restraints: Bond =    0.000   Angle =     0.000   Torsion =     0.000
===============================================================================

 NSTEP =     1000   TIME(PS) =       2.000  TEMP(K) =    30.34  PRESS =     0.0
 Etot   =     -6935.4921  EKtot   =       115.5953  EPtot      =     -7051.0874
 BOND   =         0.7833  ANGLE   =         0.8591  DIHED      =         9.8344
 1-4 NB =         2.9931  1-4 EEL =        46.4310  VDWAALS    =      1464.9655
 EELEC  =     -8576.9539  EHBOND  =         0.0000  RESTRAINT  =         0.0000
 Ewald error estimate:   0.1967E-03
 ------------------------------------------------------------------------------

 NMR restraints: Bond =    0.000   Angle =     0.000   Torsion =     0.000
===============================================================================

 NSTEP =     1100   TIME(PS) =       2.200  TEMP(K) =    31.50  PRESS =     0.0
 Etot   =     -6918.8657  EKtot   =       119.9999  EPtot      =     -7038.8655
 BOND   =         0.9972  ANGLE   =         2.0497  DIHED      =         9.7082
 1-4 NB =         2.2633  1-4 EEL =        45.5899  VDWAALS    =      1443.3219
 EELEC  =     -8542.7957  EHBOND  =         0.0000  RESTRAINT  =         0.0000
 Ewald error estimate:   0.4468E-03
 ------------------------------------------------------------------------------

 NMR restraints: Bond =    0.000   Angle =     0.000   Torsion =     0.000
===============================================================================

 NSTEP =     1200   TIME(PS) =       2.400  TEMP(K) =    35.45  PRESS =     0.0
 Etot   =     -6903.2456  EKtot   =       135.0538  EPtot      =     -7038.2994
 BOND   =         0.4640  ANGLE   =         1.9574  DIHED      =         9.4716
 1-4 NB =         3.1975  1-4 EEL =        46.1978  VDWAALS    =      1432.7195
 EELEC  =     -8532.3072  EHBOND  =         0.0000  RESTRAINT  =         0.0000
 Ewald error estimate:   0.3850E-03
 ------------------------------------------------------------------------------

 NMR restraints: Bond =    0.000   Angle =     0.000   Torsion =     0.000
===============================================================================

 NSTEP =     1300   TIME(PS) =       2.600  TEMP(K) =    38.65  PRESS =     0.0
 Etot   =     -6889.4243  EKtot   =       147.2193  EPtot      =     -7036.6436
 BOND   =         0.9977  ANGLE   =         1.5894  DIHED      =         9.2080
 1-4 NB =         2.9474  1-4 EEL =        47.0622  VDWAALS    =      1417.6736
 EELEC  =     -8516.1221  EHBOND  =         0.0000  RESTRAINT  =         0.0000
 Ewald error estimate:   0.1617E-03
 ------------------------------------------------------------------------------

 NMR restraints: Bond =    0.000   Angle =     0.000   Torsion =     0.000
===============================================================================

 NSTEP =     1400   TIME(PS) =       2.800  TEMP(K) =    41.35  PRESS =     0.0
 Etot   =     -6878.0715  EKtot   =       157.5266  EPtot      =     -7035.5981
 BOND   =         1.2308  ANGLE   =         1.7536  DIHED      =        10.4502
 1-4 NB =         2.7459  1-4 EEL =        46.1074  VDWAALS    =      1416.7922
 EELEC  =     -8514.6783  EHBOND  =         0.0000  RESTRAINT  =         0.0000
 Ewald error estimate:   0.3000E-03
 ------------------------------------------------------------------------------

 NMR restraints: Bond =    0.000   Angle =     0.000   Torsion =     0.000
===============================================================================

 NSTEP =     1500   TIME(PS) =       3.000  TEMP(K) =    45.50  PRESS =     0.0
 Etot   =     -6857.0923  EKtot   =       173.3483  EPtot      =     -7030.4407
 BOND   =         0.3326  ANGLE   =         2.7265  DIHED      =         9.8118
 1-4 NB =         2.9510  1-4 EEL =        46.2814  VDWAALS    =      1419.4426
 EELEC  =     -8511.9865  EHBOND  =         0.0000  RESTRAINT  =         0.0000
 Ewald error estimate:   0.3287E-03
 ------------------------------------------------------------------------------

 NMR restraints: Bond =    0.000   Angle =     0.000   Torsion =     0.000
===============================================================================

 NSTEP =     1600   TIME(PS) =       3.200  TEMP(K) =    46.37  PRESS =     0.0
 Etot   =     -6840.9443  EKtot   =       176.6478  EPtot      =     -7017.5922
 BOND   =         0.8611  ANGLE   =         1.6922  DIHED      =         9.1034
 1-4 NB =         3.6280  1-4 EEL =        48.1183  VDWAALS    =      1393.1421
 EELEC  =     -8474.1373  EHBOND  =         0.0000  RESTRAINT  =         0.0000
 Ewald error estimate:   0.7100E-03
 ------------------------------------------------------------------------------

 NMR restraints: Bond =    0.000   Angle =     0.000   Torsion =     0.000
===============================================================================

 NSTEP =     1700   TIME(PS) =       3.400  TEMP(K) =    51.91  PRESS =     0.0
 Etot   =     -6825.0245  EKtot   =       197.7672  EPtot      =     -7022.7917
 BOND   =         1.0186  ANGLE   =         2.3688  DIHED      =         9.2023
 1-4 NB =         2.7564  1-4 EEL =        46.2362  VDWAALS    =      1407.9473
 EELEC  =     -8492.3213  EHBOND  =         0.0000  RESTRAINT  =         0.0000
 Ewald error estimate:   0.4733E-03
 ------------------------------------------------------------------------------

 NMR restraints: Bond =    0.000   Angle =     0.000   Torsion =     0.000
===============================================================================

 NSTEP =     1800   TIME(PS) =       3.600  TEMP(K) =    55.24  PRESS =     0.0
 Etot   =     -6801.7235  EKtot   =       210.4285  EPtot      =     -7012.1520
 BOND   =         1.2240  ANGLE   =         1.9314  DIHED      =         9.4305
 1-4 NB =         2.8962  1-4 EEL =        46.8596  VDWAALS    =      1390.7792
 EELEC  =     -8465.2728  EHBOND  =         0.0000  RESTRAINT  =         0.0000
 Ewald error estimate:   0.2135E-03
 ------------------------------------------------------------------------------

 NMR restraints: Bond =    0.000   Angle =     0.000   Torsion =     0.000
===============================================================================

 NSTEP =     1900   TIME(PS) =       3.800  TEMP(K) =    56.84  PRESS =     0.0
 Etot   =     -6787.3258  EKtot   =       216.5379  EPtot      =     -7003.8637
 BOND   =         0.7817  ANGLE   =         2.4803  DIHED      =        10.4919
 1-4 NB =         3.0552  1-4 EEL =        47.9458  VDWAALS    =      1403.9812
 EELEC  =     -8472.5999  EHBOND  =         0.0000  RESTRAINT  =         0.0000
 Ewald error estimate:   0.3146E-03
 ------------------------------------------------------------------------------

 NMR restraints: Bond =    0.000   Angle =     0.000   Torsion =     0.000
===============================================================================

 NSTEP =     2000   TIME(PS) =       4.000  TEMP(K) =    58.81  PRESS =     0.0
 Etot   =     -6777.8726  EKtot   =       224.0302  EPtot      =     -7001.9028
 BOND   =         0.4353  ANGLE   =         1.7362  DIHED      =         9.8350
 1-4 NB =         2.8229  1-4 EEL =        47.3426  VDWAALS    =      1387.6390
 EELEC  =     -8451.7138  EHBOND  =         0.0000  RESTRAINT  =         0.0000
 Ewald error estimate:   0.2359E-04
 ------------------------------------------------------------------------------

 NMR restraints: Bond =    0.000   Angle =     0.000   Torsion =     0.000
===============================================================================

 NSTEP =     2100   TIME(PS) =       4.200  TEMP(K) =    62.96  PRESS =     0.0
 Etot   =     -6749.4036  EKtot   =       239.8259  EPtot      =     -6989.2296
 BOND   =         0.8050  ANGLE   =         3.0170  DIHED      =         9.6928
 1-4 NB =         2.8153  1-4 EEL =        46.9708  VDWAALS    =      1415.9604
 EELEC  =     -8468.4909  EHBOND  =         0.0000  RESTRAINT  =         0.0000
 Ewald error estimate:   0.3812E-03
 ------------------------------------------------------------------------------

 NMR restraints: Bond =    0.000   Angle =     0.000   Torsion =     0.000
===============================================================================

 NSTEP =     2200   TIME(PS) =       4.400  TEMP(K) =    66.57  PRESS =     0.0
 Etot   =     -6725.4036  EKtot   =       253.5860  EPtot      =     -6978.9896
 BOND   =         1.4091  ANGLE   =         2.3282  DIHED      =         9.2433
 1-4 NB =         3.1699  1-4 EEL =        46.2050  VDWAALS    =      1376.2449
 EELEC  =     -8417.5900  EHBOND  =         0.0000  RESTRAINT  =         0.0000
 Ewald error estimate:   0.1198E-03
 ------------------------------------------------------------------------------

 NMR restraints: Bond =    0.000   Angle =     0.000   Torsion =     0.000
===============================================================================

 NSTEP =     2300   TIME(PS) =       4.600  TEMP(K) =    67.30  PRESS =     0.0
 Etot   =     -6700.6523  EKtot   =       256.3660  EPtot      =     -6957.0182
 BOND   =         1.0796  ANGLE   =         2.2522  DIHED      =         9.2934
 1-4 NB =         2.9634  1-4 EEL =        46.0884  VDWAALS    =      1343.5027
 EELEC  =     -8362.1980  EHBOND  =         0.0000  RESTRAINT  =         0.0000
 Ewald error estimate:   0.2914E-03
 ------------------------------------------------------------------------------

 NMR restraints: Bond =    0.000   Angle =     0.000   Torsion =     0.000
===============================================================================

 NSTEP =     2400   TIME(PS) =       4.800  TEMP(K) =    71.85  PRESS =     0.0
 Etot   =     -6680.0196  EKtot   =       273.6971  EPtot      =     -6953.7167
 BOND   =         0.6951  ANGLE   =         2.5203  DIHED      =         9.8827
 1-4 NB =         3.1694  1-4 EEL =        47.6974  VDWAALS    =      1373.5667
 EELEC  =     -8391.2484  EHBOND  =         0.0000  RESTRAINT  =         0.0000
 Ewald error estimate:   0.2314E-04
 ------------------------------------------------------------------------------

 NMR restraints: Bond =    0.000   Angle =     0.000   Torsion =     0.000
===============================================================================

 NSTEP =     2500   TIME(PS) =       5.000  TEMP(K) =    78.82  PRESS =     0.0
 Etot   =     -6660.4142  EKtot   =       300.2430  EPtot      =     -6960.6572
 BOND   =         0.9544  ANGLE   =         2.6953  DIHED      =        10.0562
 1-4 NB =         2.7177  1-4 EEL =        45.6276  VDWAALS    =      1357.8951
 EELEC  =     -8380.6036  EHBOND  =         0.0000  RESTRAINT  =         0.0000
 Ewald error estimate:   0.9518E-04
 ------------------------------------------------------------------------------

 NMR restraints: Bond =    0.000   Angle =     0.000   Torsion =     0.000
===============================================================================

 NSTEP =     2600   TIME(PS) =       5.200  TEMP(K) =    79.59  PRESS =     0.0
 Etot   =     -6651.3285  EKtot   =       303.1975  EPtot      =     -6954.5260
 BOND   =         0.3628  ANGLE   =         2.5979  DIHED      =         9.0131
 1-4 NB =         3.2323  1-4 EEL =        47.3591  VDWAALS    =      1379.4769
 EELEC  =     -8396.5681  EHBOND  =         0.0000  RESTRAINT  =         0.0000
 Ewald error estimate:   0.2157E-03
 ------------------------------------------------------------------------------

 NMR restraints: Bond =    0.000   Angle =     0.000   Torsion =     0.000
===============================================================================

 NSTEP =     2700   TIME(PS) =       5.400  TEMP(K) =    81.40  PRESS =     0.0
 Etot   =     -6627.7473  EKtot   =       310.0725  EPtot      =     -6937.8198
 BOND   =         0.3735  ANGLE   =         3.0738  DIHED      =         9.2729
 1-4 NB =         3.4856  1-4 EEL =        47.4403  VDWAALS    =      1332.6882
 EELEC  =     -8334.1540  EHBOND  =         0.0000  RESTRAINT  =         0.0000
 Ewald error estimate:   0.1331E-03
 ------------------------------------------------------------------------------

 NMR restraints: Bond =    0.000   Angle =     0.000   Torsion =     0.000
===============================================================================

 NSTEP =     2800   TIME(PS) =       5.600  TEMP(K) =    86.04  PRESS =     0.0
 Etot   =     -6596.6302  EKtot   =       327.7507  EPtot      =     -6924.3809
 BOND   =         0.9793  ANGLE   =         1.7162  DIHED      =         9.4761
 1-4 NB =         3.3369  1-4 EEL =        46.6835  VDWAALS    =      1378.9027
 EELEC  =     -8365.4756  EHBOND  =         0.0000  RESTRAINT  =         0.0000
 Ewald error estimate:   0.8521E-04
 ------------------------------------------------------------------------------

 NMR restraints: Bond =    0.000   Angle =     0.000   Torsion =     0.000
===============================================================================

 NSTEP =     2900   TIME(PS) =       5.800  TEMP(K) =    90.44  PRESS =     0.0
 Etot   =     -6573.1252  EKtot   =       344.5290  EPtot      =     -6917.6542
 BOND   =         1.5707  ANGLE   =         3.5292  DIHED      =         9.6584
 1-4 NB =         2.5963  1-4 EEL =        44.3050  VDWAALS    =      1327.4111
 EELEC  =     -8306.7250  EHBOND  =         0.0000  RESTRAINT  =         0.0000
 Ewald error estimate:   0.1149E-03
 ------------------------------------------------------------------------------

 NMR restraints: Bond =    0.000   Angle =     0.000   Torsion =     0.000
===============================================================================

 NSTEP =     3000   TIME(PS) =       6.000  TEMP(K) =    92.21  PRESS =     0.0
 Etot   =     -6551.2657  EKtot   =       351.2747  EPtot      =     -6902.5404
 BOND   =         1.5144  ANGLE   =         2.3262  DIHED      =         9.1010
 1-4 NB =         2.8414  1-4 EEL =        45.6081  VDWAALS    =      1336.1760
 EELEC  =     -8300.1073  EHBOND  =         0.0000  RESTRAINT  =         0.0000
 Ewald error estimate:   0.2132E-03
 ------------------------------------------------------------------------------

 NMR restraints: Bond =    0.000   Angle =     0.000   Torsion =     0.000
===============================================================================

 NSTEP =     3100   TIME(PS) =       6.200  TEMP(K) =    99.22  PRESS =     0.0
 Etot   =     -6523.8819  EKtot   =       377.9608  EPtot      =     -6901.8427
 BOND   =         2.1259  ANGLE   =         2.6591  DIHED      =        10.8360
 1-4 NB =         3.1622  1-4 EEL =        45.6980  VDWAALS    =      1358.9056
 EELEC  =     -8325.2294  EHBOND  =         0.0000  RESTRAINT  =         0.0000
 Ewald error estimate:   0.1543E-03
 ------------------------------------------------------------------------------

 NMR restraints: Bond =    0.000   Angle =     0.000   Torsion =     0.000
===============================================================================

 NSTEP =     3200   TIME(PS) =       6.400  TEMP(K) =    98.56  PRESS =     0.0
 Etot   =     -6510.0239  EKtot   =       375.4561  EPtot      =     -6885.4800
 BOND   =         1.8451  ANGLE   =         3.3086  DIHED      =         9.3825
 1-4 NB =         3.3746  1-4 EEL =        46.9364  VDWAALS    =      1327.6595
 EELEC  =     -8277.9868  EHBOND  =         0.0000  RESTRAINT  =         0.0000
 Ewald error estimate:   0.1712E-03
 ------------------------------------------------------------------------------

 NMR restraints: Bond =    0.000   Angle =     0.000   Torsion =     0.000
===============================================================================

 NSTEP =     3300   TIME(PS) =       6.600  TEMP(K) =   103.07  PRESS =     0.0
 Etot   =     -6484.8369  EKtot   =       392.6300  EPtot      =     -6877.4670
 BOND   =         1.1880  ANGLE   =         2.8435  DIHED      =         9.0031
 1-4 NB =         3.5872  1-4 EEL =        46.4857  VDWAALS    =      1346.0310
 EELEC  =     -8286.6054  EHBOND  =         0.0000  RESTRAINT  =         0.0000
 Ewald error estimate:   0.1219E-03
 ------------------------------------------------------------------------------

 NMR restraints: Bond =    0.000   Angle =     0.000   Torsion =     0.000
===============================================================================

 NSTEP =     3400   TIME(PS) =       6.800  TEMP(K) =   105.71  PRESS =     0.0
 Etot   =     -6469.1544  EKtot   =       402.6892  EPtot      =     -6871.8436
 BOND   =         2.2089  ANGLE   =         2.4938  DIHED      =         9.7408
 1-4 NB =         2.8210  1-4 EEL =        45.7871  VDWAALS    =      1325.2993
 EELEC  =     -8260.1945  EHBOND  =         0.0000  RESTRAINT  =         0.0000
 Ewald error estimate:   0.3084E-04
 ------------------------------------------------------------------------------

 NMR restraints: Bond =    0.000   Angle =     0.000   Torsion =     0.000
===============================================================================

 NSTEP =     3500   TIME(PS) =       7.000  TEMP(K) =   109.75  PRESS =     0.0
 Etot   =     -6438.1279  EKtot   =       418.0962  EPtot      =     -6856.2241
 BOND   =         1.4687  ANGLE   =         2.3114  DIHED      =        10.9041
 1-4 NB =         3.4346  1-4 EEL =        46.6036  VDWAALS    =      1307.2485
 EELEC  =     -8228.1949  EHBOND  =         0.0000  RESTRAINT  =         0.0000
 Ewald error estimate:   0.2996E-03
 ------------------------------------------------------------------------------

 NMR restraints: Bond =    0.000   Angle =     0.000   Torsion =     0.000
===============================================================================

 NSTEP =     3600   TIME(PS) =       7.200  TEMP(K) =   111.54  PRESS =     0.0
 Etot   =     -6428.0019  EKtot   =       424.9226  EPtot      =     -6852.9245
 BOND   =         2.4042  ANGLE   =         3.3615  DIHED      =         9.9151
 1-4 NB =         2.9922  1-4 EEL =        45.0403  VDWAALS    =      1319.1061
 EELEC  =     -8235.7439  EHBOND  =         0.0000  RESTRAINT  =         0.0000
 Ewald error estimate:   0.4890E-04
 ------------------------------------------------------------------------------

 NMR restraints: Bond =    0.000   Angle =     0.000   Torsion =     0.000
===============================================================================

 NSTEP =     3700   TIME(PS) =       7.400  TEMP(K) =   114.83  PRESS =     0.0
 Etot   =     -6387.3677  EKtot   =       437.4442  EPtot      =     -6824.8119
 BOND   =         1.7242  ANGLE   =         4.3541  DIHED      =        10.7226
 1-4 NB =         2.7569  1-4 EEL =        45.2953  VDWAALS    =      1349.5411
 EELEC  =     -8239.2061  EHBOND  =         0.0000  RESTRAINT  =         0.0000
 Ewald error estimate:   0.1981E-03
 ------------------------------------------------------------------------------

 NMR restraints: Bond =    0.000   Angle =     0.000   Torsion =     0.000
===============================================================================

 NSTEP =     3800   TIME(PS) =       7.600  TEMP(K) =   114.28  PRESS =     0.0
 Etot   =     -6380.9915  EKtot   =       435.3582  EPtot      =     -6816.3496
 BOND   =         1.2616  ANGLE   =         2.8772  DIHED      =        10.2205
 1-4 NB =         3.5501  1-4 EEL =        49.4582  VDWAALS    =      1349.9972
 EELEC  =     -8233.7144  EHBOND  =         0.0000  RESTRAINT  =         0.0000
 Ewald error estimate:   0.2772E-03
 ------------------------------------------------------------------------------

 NMR restraints: Bond =    0.000   Angle =     0.000   Torsion =     0.000
===============================================================================

 NSTEP =     3900   TIME(PS) =       7.800  TEMP(K) =   119.74  PRESS =     0.0
 Etot   =     -6354.4240  EKtot   =       456.1492  EPtot      =     -6810.5732
 BOND   =         2.5635  ANGLE   =         2.3981  DIHED      =         9.5942
 1-4 NB =         3.1646  1-4 EEL =        47.0310  VDWAALS    =      1324.9450
 EELEC  =     -8200.2696  EHBOND  =         0.0000  RESTRAINT  =         0.0000
 Ewald error estimate:   0.5585E-05
 ------------------------------------------------------------------------------

 NMR restraints: Bond =    0.000   Angle =     0.000   Torsion =     0.000
===============================================================================

 NSTEP =     4000   TIME(PS) =       8.000  TEMP(K) =   122.98  PRESS =     0.0
 Etot   =     -6326.7602  EKtot   =       468.4828  EPtot      =     -6795.2429
 BOND   =         2.1626  ANGLE   =         4.7948  DIHED      =        10.0254
 1-4 NB =         2.8821  1-4 EEL =        45.6726  VDWAALS    =      1290.1147
 EELEC  =     -8150.8950  EHBOND  =         0.0000  RESTRAINT  =         0.0000
 Ewald error estimate:   0.3383E-03
 ------------------------------------------------------------------------------

 NMR restraints: Bond =    0.000   Angle =     0.000   Torsion =     0.000
===============================================================================

 NSTEP =     4100   TIME(PS) =       8.200  TEMP(K) =   126.37  PRESS =     0.0
 Etot   =     -6326.4041  EKtot   =       481.3824  EPtot      =     -6807.7865
 BOND   =         1.3358  ANGLE   =         3.2252  DIHED      =        10.0962
 1-4 NB =         3.6502  1-4 EEL =        48.2059  VDWAALS    =      1307.3828
 EELEC  =     -8181.6826  EHBOND  =         0.0000  RESTRAINT  =         0.0000
 Ewald error estimate:   0.1465E-03
 ------------------------------------------------------------------------------

 NMR restraints: Bond =    0.000   Angle =     0.000   Torsion =     0.000
===============================================================================

 NSTEP =     4200   TIME(PS) =       8.400  TEMP(K) =   128.38  PRESS =     0.0
 Etot   =     -6288.6412  EKtot   =       489.0623  EPtot      =     -6777.7035
 BOND   =         1.6853  ANGLE   =         4.6620  DIHED      =        10.1219
 1-4 NB =         3.0198  1-4 EEL =        46.0673  VDWAALS    =      1278.3541
 EELEC  =     -8121.6140  EHBOND  =         0.0000  RESTRAINT  =         0.0000
 Ewald error estimate:   0.2761E-05
 ------------------------------------------------------------------------------

 NMR restraints: Bond =    0.000   Angle =     0.000   Torsion =     0.000
===============================================================================

 NSTEP =     4300   TIME(PS) =       8.600  TEMP(K) =   133.91  PRESS =     0.0
 Etot   =     -6259.3200  EKtot   =       510.1384  EPtot      =     -6769.4583
 BOND   =         1.8169  ANGLE   =         5.5990  DIHED      =         9.2691
 1-4 NB =         3.4675  1-4 EEL =        43.8842  VDWAALS    =      1311.0581
 EELEC  =     -8144.5532  EHBOND  =         0.0000  RESTRAINT  =         0.0000
 Ewald error estimate:   0.2937E-03
 ------------------------------------------------------------------------------

 NMR restraints: Bond =    0.000   Angle =     0.000   Torsion =     0.000
===============================================================================

 NSTEP =     4400   TIME(PS) =       8.800  TEMP(K) =   134.45  PRESS =     0.0
 Etot   =     -6217.5031  EKtot   =       512.1965  EPtot      =     -6729.6996
 BOND   =         1.7692  ANGLE   =         6.1693  DIHED      =         9.2623
 1-4 NB =         2.3478  1-4 EEL =        48.7229  VDWAALS    =      1306.6333
 EELEC  =     -8104.6044  EHBOND  =         0.0000  RESTRAINT  =         0.0000
 Ewald error estimate:   0.1704E-03
 ------------------------------------------------------------------------------

 NMR restraints: Bond =    0.000   Angle =     0.000   Torsion =     0.000
===============================================================================

 NSTEP =     4500   TIME(PS) =       9.000  TEMP(K) =   141.71  PRESS =     0.0
 Etot   =     -6182.1624  EKtot   =       539.8549  EPtot      =     -6722.0173
 BOND   =         0.7130  ANGLE   =         2.8223  DIHED      =        10.2712
 1-4 NB =         4.5082  1-4 EEL =        47.4092  VDWAALS    =      1254.3621
 EELEC  =     -8042.1033  EHBOND  =         0.0000  RESTRAINT  =         0.0000
 Ewald error estimate:   0.2699E-03
 ------------------------------------------------------------------------------

 NMR restraints: Bond =    0.000   Angle =     0.000   Torsion =     0.000
===============================================================================

 NSTEP =     4600   TIME(PS) =       9.200  TEMP(K) =   144.93  PRESS =     0.0
 Etot   =     -6166.3483  EKtot   =       552.0883  EPtot      =     -6718.4366
 BOND   =         2.7404  ANGLE   =         4.1285  DIHED      =         9.8843
 1-4 NB =         2.9801  1-4 EEL =        45.3617  VDWAALS    =      1256.0758
 EELEC  =     -8039.6073  EHBOND  =         0.0000  RESTRAINT  =         0.0000
 Ewald error estimate:   0.4336E-04
 ------------------------------------------------------------------------------

 NMR restraints: Bond =    0.000   Angle =     0.000   Torsion =     0.000
===============================================================================

 NSTEP =     4700   TIME(PS) =       9.400  TEMP(K) =   148.25  PRESS =     0.0
 Etot   =     -6150.8693  EKtot   =       564.7456  EPtot      =     -6715.6149
 BOND   =         1.2028  ANGLE   =         5.9365  DIHED      =         9.2600
 1-4 NB =         3.7972  1-4 EEL =        46.8843  VDWAALS    =      1262.3285
 EELEC  =     -8045.0242  EHBOND  =         0.0000  RESTRAINT  =         0.0000
 Ewald error estimate:   0.5780E-04
 ------------------------------------------------------------------------------

 NMR restraints: Bond =    0.000   Angle =     0.000   Torsion =     0.000
===============================================================================

 NSTEP =     4800   TIME(PS) =       9.600  TEMP(K) =   150.83  PRESS =     0.0
 Etot   =     -6127.2076  EKtot   =       574.5809  EPtot      =     -6701.7885
 BOND   =         1.5819  ANGLE   =         3.5585  DIHED      =         9.9916
 1-4 NB =         3.0040  1-4 EEL =        47.4109  VDWAALS    =      1252.0125
 EELEC  =     -8019.3480  EHBOND  =         0.0000  RESTRAINT  =         0.0000
 Ewald error estimate:   0.1128E-03
 ------------------------------------------------------------------------------

 NMR restraints: Bond =    0.000   Angle =     0.000   Torsion =     0.000
===============================================================================

 NSTEP =     4900   TIME(PS) =       9.800  TEMP(K) =   147.53  PRESS =     0.0
 Etot   =     -6083.2565  EKtot   =       562.0263  EPtot      =     -6645.2828
 BOND   =         1.7138  ANGLE   =         5.0180  DIHED      =         9.1018
 1-4 NB =         2.7829  1-4 EEL =        46.5554  VDWAALS    =      1255.1838
 EELEC  =     -7965.6385  EHBOND  =         0.0000  RESTRAINT  =         0.0000
 Ewald error estimate:   0.1599E-03
 ------------------------------------------------------------------------------

 NMR restraints: Bond =    0.000   Angle =     0.000   Torsion =     0.000
===============================================================================

 NSTEP =     5000   TIME(PS) =      10.000  TEMP(K) =   158.84  PRESS =     0.0
 Etot   =     -6046.4327  EKtot   =       605.0982  EPtot      =     -6651.5309
 BOND   =         2.2727  ANGLE   =         3.8371  DIHED      =         9.9732
 1-4 NB =         3.8572  1-4 EEL =        48.6107  VDWAALS    =      1238.1039
 EELEC  =     -7958.1856  EHBOND  =         0.0000  RESTRAINT  =         0.0000
 Ewald error estimate:   0.6512E-04
 ------------------------------------------------------------------------------

 NMR restraints: Bond =    0.000   Angle =     0.000   Torsion =     0.000
===============================================================================

 NSTEP =     5100   TIME(PS) =      10.200  TEMP(K) =   154.95  PRESS =     0.0
 Etot   =     -6036.3977  EKtot   =       590.2916  EPtot      =     -6626.6894
 BOND   =         1.1168  ANGLE   =         5.0258  DIHED      =        10.0151
 1-4 NB =         3.0632  1-4 EEL =        46.8753  VDWAALS    =      1209.9304
 EELEC  =     -7902.7159  EHBOND  =         0.0000  RESTRAINT  =         0.0000
 Ewald error estimate:   0.1651E-03
 ------------------------------------------------------------------------------

 NMR restraints: Bond =    0.000   Angle =     0.000   Torsion =     0.000
===============================================================================

 NSTEP =     5200   TIME(PS) =      10.400  TEMP(K) =   174.32  PRESS =     0.0
 Etot   =     -6003.9970  EKtot   =       664.0481  EPtot      =     -6668.0451
 BOND   =         1.8165  ANGLE   =         3.6132  DIHED      =         9.3883
 1-4 NB =         2.9230  1-4 EEL =        47.0429  VDWAALS    =      1230.9367
 EELEC  =     -7963.7657  EHBOND  =         0.0000  RESTRAINT  =         0.0000
 Ewald error estimate:   0.1357E-03
 ------------------------------------------------------------------------------

 NMR restraints: Bond =    0.000   Angle =     0.000   Torsion =     0.000
===============================================================================

 NSTEP =     5300   TIME(PS) =      10.600  TEMP(K) =   174.53  PRESS =     0.0
 Etot   =     -5963.3037  EKtot   =       664.8709  EPtot      =     -6628.1746
 BOND   =         2.8245  ANGLE   =         6.2654  DIHED      =        10.5722
 1-4 NB =         2.8421  1-4 EEL =        48.2582  VDWAALS    =      1245.4822
 EELEC  =     -7944.4192  EHBOND  =         0.0000  RESTRAINT  =         0.0000
 Ewald error estimate:   0.8182E-04
 ------------------------------------------------------------------------------

 NMR restraints: Bond =    0.000   Angle =     0.000   Torsion =     0.000
===============================================================================

 NSTEP =     5400   TIME(PS) =      10.800  TEMP(K) =   171.01  PRESS =     0.0
 Etot   =     -5939.1800  EKtot   =       651.4440  EPtot      =     -6590.6239
 BOND   =         1.7730  ANGLE   =         8.2431  DIHED      =        10.3332
 1-4 NB =         3.5594  1-4 EEL =        45.7670  VDWAALS    =      1192.9268
 EELEC  =     -7853.2264  EHBOND  =         0.0000  RESTRAINT  =         0.0000
 Ewald error estimate:   0.2493E-03
 ------------------------------------------------------------------------------

 NMR restraints: Bond =    0.000   Angle =     0.000   Torsion =     0.000
===============================================================================

 NSTEP =     5500   TIME(PS) =      11.000  TEMP(K) =   174.02  PRESS =     0.0
 Etot   =     -5921.0719  EKtot   =       662.9140  EPtot      =     -6583.9859
 BOND   =         2.2302  ANGLE   =         8.9666  DIHED      =         9.7491
 1-4 NB =         1.9244  1-4 EEL =        45.3857  VDWAALS    =      1277.1587
 EELEC  =     -7929.4004  EHBOND  =         0.0000  RESTRAINT  =         0.0000
 Ewald error estimate:   0.1828E-03
 ------------------------------------------------------------------------------

 NMR restraints: Bond =    0.000   Angle =     0.000   Torsion =     0.000
===============================================================================

 NSTEP =     5600   TIME(PS) =      11.200  TEMP(K) =   177.97  PRESS =     0.0
 Etot   =     -5891.7644  EKtot   =       677.9646  EPtot      =     -6569.7290
 BOND   =         1.6585  ANGLE   =         8.6831  DIHED      =         9.9397
 1-4 NB =         3.6100  1-4 EEL =        43.6427  VDWAALS    =      1198.8914
 EELEC  =     -7836.1544  EHBOND  =         0.0000  RESTRAINT  =         0.0000
 Ewald error estimate:   0.1301E-03
 ------------------------------------------------------------------------------

 NMR restraints: Bond =    0.000   Angle =     0.000   Torsion =     0.000
===============================================================================

 NSTEP =     5700   TIME(PS) =      11.400  TEMP(K) =   184.23  PRESS =     0.0
 Etot   =     -5876.1796  EKtot   =       701.8074  EPtot      =     -6577.9870
 BOND   =         1.0844  ANGLE   =         5.9574  DIHED      =        10.3540
 1-4 NB =         3.3779  1-4 EEL =        46.4587  VDWAALS    =      1239.4969
 EELEC  =     -7884.7164  EHBOND  =         0.0000  RESTRAINT  =         0.0000
 Ewald error estimate:   0.4367E-04
 ------------------------------------------------------------------------------

 NMR restraints: Bond =    0.000   Angle =     0.000   Torsion =     0.000
===============================================================================

 NSTEP =     5800   TIME(PS) =      11.600  TEMP(K) =   184.06  PRESS =     0.0
 Etot   =     -5850.0971  EKtot   =       701.1660  EPtot      =     -6551.2632
 BOND   =         1.8110  ANGLE   =         4.5929  DIHED      =         9.8286
 1-4 NB =         3.8000  1-4 EEL =        48.8710  VDWAALS    =      1199.8142
 EELEC  =     -7819.9809  EHBOND  =         0.0000  RESTRAINT  =         0.0000
 Ewald error estimate:   0.3659E-04
 ------------------------------------------------------------------------------

 NMR restraints: Bond =    0.000   Angle =     0.000   Torsion =     0.000
===============================================================================

 NSTEP =     5900   TIME(PS) =      11.800  TEMP(K) =   185.80  PRESS =     0.0
 Etot   =     -5842.9522  EKtot   =       707.7934  EPtot      =     -6550.7456
 BOND   =         1.8987  ANGLE   =         4.9428  DIHED      =         9.5796
 1-4 NB =         2.4627  1-4 EEL =        43.9297  VDWAALS    =      1194.4650
 EELEC  =     -7808.0243  EHBOND  =         0.0000  RESTRAINT  =         0.0000
 Ewald error estimate:   0.2327E-03
 ------------------------------------------------------------------------------

 NMR restraints: Bond =    0.000   Angle =     0.000   Torsion =     0.000
===============================================================================

 NSTEP =     6000   TIME(PS) =      12.000  TEMP(K) =   188.39  PRESS =     0.0
 Etot   =     -5809.7853  EKtot   =       717.6576  EPtot      =     -6527.4430
 BOND   =         1.2377  ANGLE   =         4.4318  DIHED      =         9.8705
 1-4 NB =         2.9452  1-4 EEL =        47.5904  VDWAALS    =      1201.1600
 EELEC  =     -7794.6785  EHBOND  =         0.0000  RESTRAINT  =         0.0000
 Ewald error estimate:   0.2832E-04
 ------------------------------------------------------------------------------

 NMR restraints: Bond =    0.000   Angle =     0.000   Torsion =     0.000
===============================================================================

 NSTEP =     6100   TIME(PS) =      12.200  TEMP(K) =   195.26  PRESS =     0.0
 Etot   =     -5746.7625  EKtot   =       743.8171  EPtot      =     -6490.5795
 BOND   =         1.1719  ANGLE   =         4.8936  DIHED      =         9.4783
 1-4 NB =         3.2551  1-4 EEL =        48.5304  VDWAALS    =      1249.8240
 EELEC  =     -7807.7327  EHBOND  =         0.0000  RESTRAINT  =         0.0000
 Ewald error estimate:   0.2225E-03
 ------------------------------------------------------------------------------

 NMR restraints: Bond =    0.000   Angle =     0.000   Torsion =     0.000
===============================================================================

 NSTEP =     6200   TIME(PS) =      12.400  TEMP(K) =   197.80  PRESS =     0.0
 Etot   =     -5702.3020  EKtot   =       753.5126  EPtot      =     -6455.8146
 BOND   =         1.7909  ANGLE   =         5.9365  DIHED      =         9.6054
 1-4 NB =         2.1866  1-4 EEL =        47.2188  VDWAALS    =      1205.0382
 EELEC  =     -7727.5910  EHBOND  =         0.0000  RESTRAINT  =         0.0000
 Ewald error estimate:   0.4129E-03
 ------------------------------------------------------------------------------

 NMR restraints: Bond =    0.000   Angle =     0.000   Torsion =     0.000
===============================================================================

 NSTEP =     6300   TIME(PS) =      12.600  TEMP(K) =   205.84  PRESS =     0.0
 Etot   =     -5664.7760  EKtot   =       784.1472  EPtot      =     -6448.9232
 BOND   =         1.6223  ANGLE   =         2.8965  DIHED      =         9.5414
 1-4 NB =         2.9947  1-4 EEL =        46.0533  VDWAALS    =      1159.8809
 EELEC  =     -7671.9123  EHBOND  =         0.0000  RESTRAINT  =         0.0000
 Ewald error estimate:   0.5851E-04
 ------------------------------------------------------------------------------

 NMR restraints: Bond =    0.000   Angle =     0.000   Torsion =     0.000
===============================================================================

 NSTEP =     6400   TIME(PS) =      12.800  TEMP(K) =   201.17  PRESS =     0.0
 Etot   =     -5633.6427  EKtot   =       766.3537  EPtot      =     -6399.9964
 BOND   =         0.7443  ANGLE   =         6.2034  DIHED      =        10.0809
 1-4 NB =         2.9181  1-4 EEL =        48.6594  VDWAALS    =      1160.4529
 EELEC  =     -7629.0555  EHBOND  =         0.0000  RESTRAINT  =         0.0000
 Ewald error estimate:   0.1690E-03
 ------------------------------------------------------------------------------

 NMR restraints: Bond =    0.000   Angle =     0.000   Torsion =     0.000
===============================================================================

 NSTEP =     6500   TIME(PS) =      13.000  TEMP(K) =   203.83  PRESS =     0.0
 Etot   =     -5617.4124  EKtot   =       776.4894  EPtot      =     -6393.9018
 BOND   =         1.5476  ANGLE   =         2.6968  DIHED      =        10.0078
 1-4 NB =         3.6221  1-4 EEL =        48.8828  VDWAALS    =      1160.9689
 EELEC  =     -7621.6279  EHBOND  =         0.0000  RESTRAINT  =         0.0000
 Ewald error estimate:   0.6411E-05
 ------------------------------------------------------------------------------

 NMR restraints: Bond =    0.000   Angle =     0.000   Torsion =     0.000
===============================================================================

 NSTEP =     6600   TIME(PS) =      13.200  TEMP(K) =   206.37  PRESS =     0.0
 Etot   =     -5623.2986  EKtot   =       786.1735  EPtot      =     -6409.4721
 BOND   =         1.8943  ANGLE   =         4.3478  DIHED      =        10.6317
 1-4 NB =         2.5115  1-4 EEL =        46.7048  VDWAALS    =      1121.5570
 EELEC  =     -7597.1192  EHBOND  =         0.0000  RESTRAINT  =         0.0000
 Ewald error estimate:   0.1722E-03
 ------------------------------------------------------------------------------

 NMR restraints: Bond =    0.000   Angle =     0.000   Torsion =     0.000
===============================================================================

 NSTEP =     6700   TIME(PS) =      13.400  TEMP(K) =   210.08  PRESS =     0.0
 Etot   =     -5606.2399  EKtot   =       800.3062  EPtot      =     -6406.5461
 BOND   =         2.7673  ANGLE   =         7.5378  DIHED      =        10.3893
 1-4 NB =         4.1833  1-4 EEL =        43.3563  VDWAALS    =      1100.2873
 EELEC  =     -7575.0672  EHBOND  =         0.0000  RESTRAINT  =         0.0000
 Ewald error estimate:   0.5628E-04
 ------------------------------------------------------------------------------

 NMR restraints: Bond =    0.000   Angle =     0.000   Torsion =     0.000
===============================================================================

 NSTEP =     6800   TIME(PS) =      13.600  TEMP(K) =   217.43  PRESS =     0.0
 Etot   =     -5552.4565  EKtot   =       828.2884  EPtot      =     -6380.7449
 BOND   =         4.5456  ANGLE   =         6.2149  DIHED      =        10.5248
 1-4 NB =         2.9949  1-4 EEL =        48.8386  VDWAALS    =      1150.8024
 EELEC  =     -7604.6660  EHBOND  =         0.0000  RESTRAINT  =         0.0000
 Ewald error estimate:   0.1735E-03
 ------------------------------------------------------------------------------

 NMR restraints: Bond =    0.000   Angle =     0.000   Torsion =     0.000
===============================================================================

 NSTEP =     6900   TIME(PS) =      13.800  TEMP(K) =   218.13  PRESS =     0.0
 Etot   =     -5535.3676  EKtot   =       830.9692  EPtot      =     -6366.3368
 BOND   =         2.8316  ANGLE   =         7.3162  DIHED      =        10.1172
 1-4 NB =         3.2099  1-4 EEL =        47.2740  VDWAALS    =      1137.6415
 EELEC  =     -7574.7272  EHBOND  =         0.0000  RESTRAINT  =         0.0000
 Ewald error estimate:   0.1819E-03
 ------------------------------------------------------------------------------

 NMR restraints: Bond =    0.000   Angle =     0.000   Torsion =     0.000
===============================================================================

 NSTEP =     7000   TIME(PS) =      14.000  TEMP(K) =   216.84  PRESS =     0.0
 Etot   =     -5478.3324  EKtot   =       826.0578  EPtot      =     -6304.3902
 BOND   =         3.3001  ANGLE   =         6.3364  DIHED      =        10.4977
 1-4 NB =         3.2674  1-4 EEL =        47.5253  VDWAALS    =      1069.0501
 EELEC  =     -7444.3672  EHBOND  =         0.0000  RESTRAINT  =         0.0000
 Ewald error estimate:   0.4866E-03
 ------------------------------------------------------------------------------

 NMR restraints: Bond =    0.000   Angle =     0.000   Torsion =     0.000
===============================================================================

 NSTEP =     7100   TIME(PS) =      14.200  TEMP(K) =   225.59  PRESS =     0.0
 Etot   =     -5422.0836  EKtot   =       859.3685  EPtot      =     -6281.4520
 BOND   =         1.7665  ANGLE   =         6.6000  DIHED      =        10.3915
 1-4 NB =         3.3350  1-4 EEL =        46.3370  VDWAALS    =      1070.9600
 EELEC  =     -7420.8420  EHBOND  =         0.0000  RESTRAINT  =         0.0000
 Ewald error estimate:   0.3301E-03
 ------------------------------------------------------------------------------

 NMR restraints: Bond =    0.000   Angle =     0.000   Torsion =     0.000
===============================================================================

 NSTEP =     7200   TIME(PS) =      14.400  TEMP(K) =   228.66  PRESS =     0.0
 Etot   =     -5399.0747  EKtot   =       871.0782  EPtot      =     -6270.1529
 BOND   =         0.7320  ANGLE   =         5.5191  DIHED      =        12.4651
 1-4 NB =         3.8139  1-4 EEL =        51.0585  VDWAALS    =      1075.5342
 EELEC  =     -7419.2756  EHBOND  =         0.0000  RESTRAINT  =         0.0000
 Ewald error estimate:   0.2465E-03
 ------------------------------------------------------------------------------

 NMR restraints: Bond =    0.000   Angle =     0.000   Torsion =     0.000
===============================================================================

 NSTEP =     7300   TIME(PS) =      14.600  TEMP(K) =   226.76  PRESS =     0.0
 Etot   =     -5364.7554  EKtot   =       863.8408  EPtot      =     -6228.5962
 BOND   =         1.8084  ANGLE   =         4.8860  DIHED      =        10.6534
 1-4 NB =         2.5142  1-4 EEL =        44.0146  VDWAALS    =      1087.7898
 EELEC  =     -7380.2627  EHBOND  =         0.0000  RESTRAINT  =         0.0000
 Ewald error estimate:   0.2101E-04
 ------------------------------------------------------------------------------

 NMR restraints: Bond =    0.000   Angle =     0.000   Torsion =     0.000
===============================================================================

 NSTEP =     7400   TIME(PS) =      14.800  TEMP(K) =   230.13  PRESS =     0.0
 Etot   =     -5371.0028  EKtot   =       876.6597  EPtot      =     -6247.6625
 BOND   =         2.2588  ANGLE   =         6.8670  DIHED      =        10.8865
 1-4 NB =         2.5379  1-4 EEL =        43.9835  VDWAALS    =      1063.6013
 EELEC  =     -7377.7976  EHBOND  =         0.0000  RESTRAINT  =         0.0000
 Ewald error estimate:   0.1359E-03
 ------------------------------------------------------------------------------

 NMR restraints: Bond =    0.000   Angle =     0.000   Torsion =     0.000
===============================================================================

 NSTEP =     7500   TIME(PS) =      15.000  TEMP(K) =   233.67  PRESS =     0.0
 Etot   =     -5331.6404  EKtot   =       890.1508  EPtot      =     -6221.7913
 BOND   =         2.2198  ANGLE   =         8.2244  DIHED      =        10.0318
 1-4 NB =         3.5411  1-4 EEL =        49.3993  VDWAALS    =      1060.7901
 EELEC  =     -7355.9977  EHBOND  =         0.0000  RESTRAINT  =         0.0000
 Ewald error estimate:   0.2976E-04
 ------------------------------------------------------------------------------

 NMR restraints: Bond =    0.000   Angle =     0.000   Torsion =     0.000
===============================================================================

 NSTEP =     7600   TIME(PS) =      15.200  TEMP(K) =   240.96  PRESS =     0.0
 Etot   =     -5297.9085  EKtot   =       917.9381  EPtot      =     -6215.8466
 BOND   =         2.2724  ANGLE   =         8.0701  DIHED      =         9.9201
 1-4 NB =         2.3324  1-4 EEL =        45.3308  VDWAALS    =      1059.6563
 EELEC  =     -7343.4287  EHBOND  =         0.0000  RESTRAINT  =         0.0000
 Ewald error estimate:   0.3022E-04
 ------------------------------------------------------------------------------

 NMR restraints: Bond =    0.000   Angle =     0.000   Torsion =     0.000
===============================================================================

 NSTEP =     7700   TIME(PS) =      15.400  TEMP(K) =   237.13  PRESS =     0.0
 Etot   =     -5283.2403  EKtot   =       903.3151  EPtot      =     -6186.5554
 BOND   =         2.8127  ANGLE   =         7.9546  DIHED      =        11.9101
 1-4 NB =         1.9481  1-4 EEL =        44.1944  VDWAALS    =      1101.9968
 EELEC  =     -7357.3721  EHBOND  =         0.0000  RESTRAINT  =         0.0000
 Ewald error estimate:   0.3869E-03
 ------------------------------------------------------------------------------

 NMR restraints: Bond =    0.000   Angle =     0.000   Torsion =     0.000
===============================================================================

 NSTEP =     7800   TIME(PS) =      15.600  TEMP(K) =   247.78  PRESS =     0.0
 Etot   =     -5188.2895  EKtot   =       943.8884  EPtot      =     -6132.1778
 BOND   =         2.0251  ANGLE   =         4.4238  DIHED      =        10.7689
 1-4 NB =         3.8120  1-4 EEL =        49.7384  VDWAALS    =      1076.9413
 EELEC  =     -7279.8874  EHBOND  =         0.0000  RESTRAINT  =         0.0000
 Ewald error estimate:   0.2559E-03
 ------------------------------------------------------------------------------

 NMR restraints: Bond =    0.000   Angle =     0.000   Torsion =     0.000
===============================================================================

 NSTEP =     7900   TIME(PS) =      15.800  TEMP(K) =   234.52  PRESS =     0.0
 Etot   =     -5237.9965  EKtot   =       893.3778  EPtot      =     -6131.3744
 BOND   =         2.0993  ANGLE   =         5.8269  DIHED      =        10.6593
 1-4 NB =         3.7079  1-4 EEL =        45.4392  VDWAALS    =      1082.5576
 EELEC  =     -7281.6646  EHBOND  =         0.0000  RESTRAINT  =         0.0000
 Ewald error estimate:   0.1273E-03
 ------------------------------------------------------------------------------

 NMR restraints: Bond =    0.000   Angle =     0.000   Torsion =     0.000
===============================================================================

 NSTEP =     8000   TIME(PS) =      16.000  TEMP(K) =   247.53  PRESS =     0.0
 Etot   =     -5116.4918  EKtot   =       942.9546  EPtot      =     -6059.4464
 BOND   =         0.9151  ANGLE   =         7.9502  DIHED      =        10.2124
 1-4 NB =         3.1648  1-4 EEL =        47.7963  VDWAALS    =      1007.0250
 EELEC  =     -7136.5102  EHBOND  =         0.0000  RESTRAINT  =         0.0000
 Ewald error estimate:   0.8944E-04
 ------------------------------------------------------------------------------

 NMR restraints: Bond =    0.000   Angle =     0.000   Torsion =     0.000
===============================================================================

 NSTEP =     8100   TIME(PS) =      16.200  TEMP(K) =   262.21  PRESS =     0.0
 Etot   =     -5082.1852  EKtot   =       998.8862  EPtot      =     -6081.0714
 BOND   =         4.0260  ANGLE   =         6.7546  DIHED      =         9.4589
 1-4 NB =         3.4102  1-4 EEL =        45.5125  VDWAALS    =       980.2538
 EELEC  =     -7130.4875  EHBOND  =         0.0000  RESTRAINT  =         0.0000
 Ewald error estimate:   0.1237E-04
 ------------------------------------------------------------------------------

 NMR restraints: Bond =    0.000   Angle =     0.000   Torsion =     0.000
===============================================================================

 NSTEP =     8200   TIME(PS) =      16.400  TEMP(K) =   260.49  PRESS =     0.0
 Etot   =     -5024.8874  EKtot   =       992.3117  EPtot      =     -6017.1991
 BOND   =         3.7683  ANGLE   =         9.2632  DIHED      =        10.3162
 1-4 NB =         2.9885  1-4 EEL =        47.0218  VDWAALS    =       910.6538
 EELEC  =     -7001.2110  EHBOND  =         0.0000  RESTRAINT  =         0.0000
 Ewald error estimate:   0.1438E-03
 ------------------------------------------------------------------------------

 NMR restraints: Bond =    0.000   Angle =     0.000   Torsion =     0.000
===============================================================================

 NSTEP =     8300   TIME(PS) =      16.600  TEMP(K) =   259.16  PRESS =     0.0
 Etot   =     -4996.0065  EKtot   =       987.2506  EPtot      =     -5983.2572
 BOND   =         2.8990  ANGLE   =        12.5977  DIHED      =        10.7331
 1-4 NB =         2.2652  1-4 EEL =        44.7774  VDWAALS    =       980.8089
 EELEC  =     -7037.3383  EHBOND  =         0.0000  RESTRAINT  =         0.0000
 Ewald error estimate:   0.2733E-03
 ------------------------------------------------------------------------------

 NMR restraints: Bond =    0.000   Angle =     0.000   Torsion =     0.000
===============================================================================

 NSTEP =     8400   TIME(PS) =      16.800  TEMP(K) =   266.60  PRESS =     0.0
 Etot   =     -4977.6550  EKtot   =      1015.5936  EPtot      =     -5993.2485
 BOND   =         0.9531  ANGLE   =        11.7796  DIHED      =        10.8497
 1-4 NB =         3.1637  1-4 EEL =        41.6935  VDWAALS    =       988.2837
 EELEC  =     -7049.9718  EHBOND  =         0.0000  RESTRAINT  =         0.0000
 Ewald error estimate:   0.1632E-03
 ------------------------------------------------------------------------------

 NMR restraints: Bond =    0.000   Angle =     0.000   Torsion =     0.000
===============================================================================

 NSTEP =     8500   TIME(PS) =      17.000  TEMP(K) =   265.53  PRESS =     0.0
 Etot   =     -4905.5209  EKtot   =      1011.5148  EPtot      =     -5917.0356
 BOND   =         1.6638  ANGLE   =         9.2269  DIHED      =        13.4702
 1-4 NB =         2.1478  1-4 EEL =        45.8189  VDWAALS    =       888.7081
 EELEC  =     -6878.0713  EHBOND  =         0.0000  RESTRAINT  =         0.0000
 Ewald error estimate:   0.3328E-04
 ------------------------------------------------------------------------------

 NMR restraints: Bond =    0.000   Angle =     0.000   Torsion =     0.000
===============================================================================

 NSTEP =     8600   TIME(PS) =      17.200  TEMP(K) =   269.95  PRESS =     0.0
 Etot   =     -4856.9701  EKtot   =      1028.3578  EPtot      =     -5885.3279
 BOND   =         1.5722  ANGLE   =         7.5499  DIHED      =        11.5887
 1-4 NB =         2.8508  1-4 EEL =        46.1013  VDWAALS    =      1005.3598
 EELEC  =     -6960.3507  EHBOND  =         0.0000  RESTRAINT  =         0.0000
 Ewald error estimate:   0.1883E-04
 ------------------------------------------------------------------------------

 NMR restraints: Bond =    0.000   Angle =     0.000   Torsion =     0.000
===============================================================================

 NSTEP =     8700   TIME(PS) =      17.400  TEMP(K) =   275.57  PRESS =     0.0
 Etot   =     -4818.4037  EKtot   =      1049.7685  EPtot      =     -5868.1722
 BOND   =         2.4899  ANGLE   =         6.1266  DIHED      =        11.8507
 1-4 NB =         3.3847  1-4 EEL =        48.9443  VDWAALS    =       931.9146
 EELEC  =     -6872.8830  EHBOND  =         0.0000  RESTRAINT  =         0.0000
 Ewald error estimate:   0.2145E-03
 ------------------------------------------------------------------------------

 NMR restraints: Bond =    0.000   Angle =     0.000   Torsion =     0.000
===============================================================================

 NSTEP =     8800   TIME(PS) =      17.600  TEMP(K) =   283.19  PRESS =     0.0
 Etot   =     -4791.7856  EKtot   =      1078.7847  EPtot      =     -5870.5703
 BOND   =         3.3824  ANGLE   =         8.0810  DIHED      =        10.6862
 1-4 NB =         3.0149  1-4 EEL =        44.6383  VDWAALS    =      1017.4980
 EELEC  =     -6957.8710  EHBOND  =         0.0000  RESTRAINT  =         0.0000
 Ewald error estimate:   0.1824E-03
 ------------------------------------------------------------------------------

 NMR restraints: Bond =    0.000   Angle =     0.000   Torsion =     0.000
===============================================================================

 NSTEP =     8900   TIME(PS) =      17.800  TEMP(K) =   293.58  PRESS =     0.0
 Etot   =     -4740.5213  EKtot   =      1118.3914  EPtot      =     -5858.9127
 BOND   =         1.9512  ANGLE   =         5.8839  DIHED      =        10.8535
 1-4 NB =         2.4797  1-4 EEL =        45.0330  VDWAALS    =       912.1188
 EELEC  =     -6837.2328  EHBOND  =         0.0000  RESTRAINT  =         0.0000
 Ewald error estimate:   0.2678E-03
 ------------------------------------------------------------------------------

 NMR restraints: Bond =    0.000   Angle =     0.000   Torsion =     0.000
===============================================================================

 NSTEP =     9000   TIME(PS) =      18.000  TEMP(K) =   293.49  PRESS =     0.0
 Etot   =     -4682.6963  EKtot   =      1118.0375  EPtot      =     -5800.7337
 BOND   =         1.2614  ANGLE   =         6.9584  DIHED      =        13.3063
 1-4 NB =         3.1675  1-4 EEL =        46.4299  VDWAALS    =       860.3702
 EELEC  =     -6732.2275  EHBOND  =         0.0000  RESTRAINT  =         0.0000
 Ewald error estimate:   0.4612E-04
 ------------------------------------------------------------------------------

 NMR restraints: Bond =    0.000   Angle =     0.000   Torsion =     0.000
===============================================================================

 NSTEP =     9100   TIME(PS) =      18.200  TEMP(K) =   300.54  PRESS =     0.0
 Etot   =     -4619.8646  EKtot   =      1144.8868  EPtot      =     -5764.7514
 BOND   =         1.8074  ANGLE   =         8.1366  DIHED      =        11.9666
 1-4 NB =         3.0529  1-4 EEL =        46.9413  VDWAALS    =       935.7884
 EELEC  =     -6772.4446  EHBOND  =         0.0000  RESTRAINT  =         0.0000
 Ewald error estimate:   0.1118E-05
 ------------------------------------------------------------------------------

 NMR restraints: Bond =    0.000   Angle =     0.000   Torsion =     0.000
===============================================================================

 NSTEP =     9200   TIME(PS) =      18.400  TEMP(K) =   297.27  PRESS =     0.0
 Etot   =     -4597.8043  EKtot   =      1132.4414  EPtot      =     -5730.2457
 BOND   =         2.7704  ANGLE   =         4.6252  DIHED      =        10.9709
 1-4 NB =         3.2780  1-4 EEL =        49.6336  VDWAALS    =       874.2693
 EELEC  =     -6675.7931  EHBOND  =         0.0000  RESTRAINT  =         0.0000
 Ewald error estimate:   0.2788E-03
 ------------------------------------------------------------------------------

 NMR restraints: Bond =    0.000   Angle =     0.000   Torsion =     0.000
===============================================================================

 NSTEP =     9300   TIME(PS) =      18.600  TEMP(K) =   301.59  PRESS =     0.0
 Etot   =     -4535.8097  EKtot   =      1148.9072  EPtot      =     -5684.7170
 BOND   =         1.4505  ANGLE   =         6.2989  DIHED      =        12.2090
 1-4 NB =         3.6013  1-4 EEL =        48.1665  VDWAALS    =       902.7066
 EELEC  =     -6659.1499  EHBOND  =         0.0000  RESTRAINT  =         0.0000
 Ewald error estimate:   0.1046E-03
 ------------------------------------------------------------------------------

 NMR restraints: Bond =    0.000   Angle =     0.000   Torsion =     0.000
===============================================================================

 NSTEP =     9400   TIME(PS) =      18.800  TEMP(K) =   304.19  PRESS =     0.0
 Etot   =     -4561.4322  EKtot   =      1158.7870  EPtot      =     -5720.2192
 BOND   =         5.1353  ANGLE   =         7.5267  DIHED      =        10.1586
 1-4 NB =         2.6788  1-4 EEL =        45.8219  VDWAALS    =       854.0200
 EELEC  =     -6645.5606  EHBOND  =         0.0000  RESTRAINT  =         0.0000
 Ewald error estimate:   0.7507E-04
 ------------------------------------------------------------------------------

 NMR restraints: Bond =    0.000   Angle =     0.000   Torsion =     0.000
===============================================================================

 NSTEP =     9500   TIME(PS) =      19.000  TEMP(K) =   301.96  PRESS =     0.0
 Etot   =     -4501.6334  EKtot   =      1150.2971  EPtot      =     -5651.9305
 BOND   =         5.4601  ANGLE   =         8.7399  DIHED      =        12.3719
 1-4 NB =         4.6668  1-4 EEL =        49.3347  VDWAALS    =       860.1179
 EELEC  =     -6592.6217  EHBOND  =         0.0000  RESTRAINT  =         0.0000
 Ewald error estimate:   0.1107E-03
 ------------------------------------------------------------------------------

 NMR restraints: Bond =    0.000   Angle =     0.000   Torsion =     0.000
===============================================================================

 NSTEP =     9600   TIME(PS) =      19.200  TEMP(K) =   300.69  PRESS =     0.0
 Etot   =     -4502.2533  EKtot   =      1145.4720  EPtot      =     -5647.7253
 BOND   =         4.1989  ANGLE   =         9.4717  DIHED      =        11.0376
 1-4 NB =         3.5955  1-4 EEL =        45.9597  VDWAALS    =       856.8877
 EELEC  =     -6578.8763  EHBOND  =         0.0000  RESTRAINT  =         0.0000
 Ewald error estimate:   0.2666E-04
 ------------------------------------------------------------------------------

 NMR restraints: Bond =    0.000   Angle =     0.000   Torsion =     0.000
===============================================================================

 NSTEP =     9700   TIME(PS) =      19.400  TEMP(K) =   306.61  PRESS =     0.0
 Etot   =     -4461.6105  EKtot   =      1168.0058  EPtot      =     -5629.6163
 BOND   =         2.7124  ANGLE   =        10.8801  DIHED      =        11.5917
 1-4 NB =         2.6388  1-4 EEL =        45.3046  VDWAALS    =       852.1724
 EELEC  =     -6554.9163  EHBOND  =         0.0000  RESTRAINT  =         0.0000
 Ewald error estimate:   0.2752E-04
 ------------------------------------------------------------------------------

 NMR restraints: Bond =    0.000   Angle =     0.000   Torsion =     0.000
===============================================================================

 NSTEP =     9800   TIME(PS) =      19.600  TEMP(K) =   302.59  PRESS =     0.0
 Etot   =     -4460.1329  EKtot   =      1152.6969  EPtot      =     -5612.8298
 BOND   =         2.1948  ANGLE   =        12.7563  DIHED      =        10.1980
 1-4 NB =         2.7958  1-4 EEL =        42.4795  VDWAALS    =       898.5173
 EELEC  =     -6581.7713  EHBOND  =         0.0000  RESTRAINT  =         0.0000
 Ewald error estimate:   0.1083E-03
 ------------------------------------------------------------------------------

 NMR restraints: Bond =    0.000   Angle =     0.000   Torsion =     0.000
===============================================================================

 NSTEP =     9900   TIME(PS) =      19.800  TEMP(K) =   290.88  PRESS =     0.0
 Etot   =     -4463.7680  EKtot   =      1108.0739  EPtot      =     -5571.8419
 BOND   =         1.5673  ANGLE   =         9.3277  DIHED      =        11.4033
 1-4 NB =         2.5875  1-4 EEL =        46.6980  VDWAALS    =       825.5259
 EELEC  =     -6468.9516  EHBOND  =         0.0000  RESTRAINT  =         0.0000
 Ewald error estimate:   0.3534E-04
 ------------------------------------------------------------------------------

 NMR restraints: Bond =    0.000   Angle =     0.000   Torsion =     0.000
===============================================================================

 NSTEP =    10000   TIME(PS) =      20.000  TEMP(K) =   301.52  PRESS =     0.0
 Etot   =     -4488.4342  EKtot   =      1148.6413  EPtot      =     -5637.0755
 BOND   =         3.2969  ANGLE   =         7.6244  DIHED      =        10.7141
 1-4 NB =         2.8722  1-4 EEL =        46.1955  VDWAALS    =       838.8931
 EELEC  =     -6546.6716  EHBOND  =         0.0000  RESTRAINT  =         0.0000
 Ewald error estimate:   0.3864E-03
 ------------------------------------------------------------------------------

 NMR restraints: Bond =    0.000   Angle =     0.000   Torsion =     0.000
===============================================================================

      A V E R A G E S   O V E R   10000 S T E P S


 NSTEP =    10000   TIME(PS) =      20.000  TEMP(K) =   158.03  PRESS =     0.0
 Etot   =     -5943.3465  EKtot   =       602.0247  EPtot      =     -6545.3711
 BOND   =         1.7988  ANGLE   =         4.9350  DIHED      =        10.1421
 1-4 NB =         3.0638  1-4 EEL =        46.3839  VDWAALS    =      1208.8609
 EELEC  =     -7820.5555  EHBOND  =         0.0000  RESTRAINT  =         0.0000
 Ewald error estimate:   0.2055E-03
 ------------------------------------------------------------------------------

 NMR restraints: Bond =    0.000   Angle =     0.000   Torsion =     0.000
===============================================================================

      R M S  F L U C T U A T I O N S


 NSTEP =    10000   TIME(PS) =      20.000  TEMP(K) =    92.26  PRESS =     0.0
 Etot   =       793.0108  EKtot   =       351.4619  EPtot      =       448.5168
 BOND   =         1.1419  ANGLE   =         3.0178  DIHED      =         1.0406
 1-4 NB =         0.5195  1-4 EEL =         1.5137  VDWAALS    =       188.3150
 EELEC  =       630.3364  EHBOND  =         0.0000  RESTRAINT  =         0.0000
 Ewald error estimate:   0.1477E-03
 ------------------------------------------------------------------------------


 NMR restraints on final step:


--------------------------------------------------------------------------------
   5.  TIMINGS
--------------------------------------------------------------------------------

|                Build the list             9.20 (98.80% of List )
|                Other                      0.11 ( 1.20% of List )
|             List time                  9.32 ( 6.50% of Nonbo)
|                   Short_ene time           116.42 (99.20% of Direc)
|                   Other                      0.93 ( 0.80% of Direc)
|                Direct Ewald time        117.35 (87.60% of Ewald)
|                Adjust Ewald time          0.57 ( 0.42% of Ewald)
|                   Fill Bspline coeffs        0.59 ( 3.70% of Recip)
|                   Fill charge grid           1.57 ( 9.81% of Recip)
|                   Scalar sum                 3.97 (24.87% of Recip)
|                   Grad sum                   3.28 (20.54% of Recip)
|                   FFT time                   6.56 (41.06% of Recip)
|                   Other                      0.00 ( 0.02% of Recip)
|                Recip Ewald time          15.98 (11.93% of Ewald)
|                Force Adjust               0.01 ( 0.01% of Ewald)
|                Virial junk                0.04 ( 0.03% of Ewald)
|                Other                      0.01 ( 0.01% of Ewald)
|             Ewald time               133.97 (93.50% of Nonbo)
|          Nonbond force            143.28 (100.0% of Force)
|          Bond/Angle/Dihedral        0.10 ( 0.07% of Force)
|          Other                      0.02 ( 0.01% of Force)
|       Force time               143.40 (96.01% of Runmd)
|       Shake time                 0.58 ( 0.39% of Runmd)
|       Verlet update time         5.34 ( 3.58% of Runmd)
|       Other                      0.03 ( 0.02% of Runmd)
|    Runmd Time               149.36 (100.0% of Total)
|    Other                      0.01 ( 0.01% of Total)
| Total time               149.37 (100.0% of ALL  )

| Number of list builds   :        524

| Highest rstack allocated:     133062
| Highest istack allocated:       1912

| Final Performance Info:
| -----------------------------------------------------
| Average timings for all steps:
|     Elapsed(s) =     149.36 Per Step(ms) =      14.94
|         ns/day =      11.57   seconds/ns =    7467.78
| -----------------------------------------------------

|           Job began  at 16:22:41.048  on 09/05/2020
|           Setup done at 16:22:41.063  on 09/05/2020
|           Run   done at 16:25:10.418  on 09/05/2020
|     wallclock() was called  441199 times

|3D-RISM memory allocation summary
|Type          Maximum        Current   
|Integer       0.00000 GB     0.00000 GB
|Real          0.00000 GB     0.00000 GB
|Logical       0.00000 GB     0.00000 GB
|Character     0.00000 GB     0.00000 GB
|---------------------------------------
|Total         0.00000 GB     0.00000 GB
